c:\users\drl\source\repos\lab7\lab7\debug\lab7.pch
c:\users\drl\source\repos\lab7\lab7\debug\vc141.pdb
c:\users\drl\source\repos\lab7\lab7\debug\vc141.idb
c:\users\drl\source\repos\lab7\lab7\debug\stdafx.obj
c:\users\drl\source\repos\lab7\lab7\debug\validator.obj
c:\users\drl\source\repos\lab7\lab7\debug\tests.obj
c:\users\drl\source\repos\lab7\lab7\debug\resursefizice.obj
c:\users\drl\source\repos\lab7\lab7\debug\resursefinanciare.obj
c:\users\drl\source\repos\lab7\lab7\debug\resurse.obj
c:\users\drl\source\repos\lab7\lab7\debug\ui.obj
c:\users\drl\source\repos\lab7\lab7\debug\service.obj
c:\users\drl\source\repos\lab7\lab7\debug\lab7.obj
c:\users\drl\source\repos\lab7\debug\lab7.exe
c:\users\drl\source\repos\lab7\debug\lab7.ilk
c:\users\drl\source\repos\lab7\debug\lab7.pdb
c:\users\drl\source\repos\lab7\lab7\debug\lab7.tlog\cl.command.1.tlog
c:\users\drl\source\repos\lab7\lab7\debug\lab7.tlog\cl.read.1.tlog
c:\users\drl\source\repos\lab7\lab7\debug\lab7.tlog\cl.write.1.tlog
c:\users\drl\source\repos\lab7\lab7\debug\lab7.tlog\link.command.1.tlog
c:\users\drl\source\repos\lab7\lab7\debug\lab7.tlog\link.read.1.tlog
c:\users\drl\source\repos\lab7\lab7\debug\lab7.tlog\link.write.1.tlog
