c:\users\drl\source\repos\lab5\lab5\debug\lab5.pch
c:\users\drl\source\repos\lab5\lab5\debug\vc141.pdb
c:\users\drl\source\repos\lab5\lab5\debug\vc141.idb
c:\users\drl\source\repos\lab5\lab5\debug\stdafx.obj
c:\users\drl\source\repos\lab5\lab5\debug\vectordinamic.obj
c:\users\drl\source\repos\lab5\lab5\debug\ui.obj
c:\users\drl\source\repos\lab5\lab5\debug\tranzactie.obj
c:\users\drl\source\repos\lab5\lab5\debug\testecpp.obj
c:\users\drl\source\repos\lab5\lab5\debug\service.obj
c:\users\drl\source\repos\lab5\lab5\debug\repository.obj
c:\users\drl\source\repos\lab5\lab5\debug\lab5.obj
c:\users\drl\source\repos\lab5\debug\lab5.exe
c:\users\drl\source\repos\lab5\debug\lab5.ilk
c:\users\drl\source\repos\lab5\debug\lab5.pdb
c:\users\drl\source\repos\lab5\lab5\debug\lab5.tlog\cl.command.1.tlog
c:\users\drl\source\repos\lab5\lab5\debug\lab5.tlog\cl.read.1.tlog
c:\users\drl\source\repos\lab5\lab5\debug\lab5.tlog\cl.write.1.tlog
c:\users\drl\source\repos\lab5\lab5\debug\lab5.tlog\link.command.1.tlog
c:\users\drl\source\repos\lab5\lab5\debug\lab5.tlog\link.read.1.tlog
c:\users\drl\source\repos\lab5\lab5\debug\lab5.tlog\link.write.1.tlog
